Case #1: 1 1
Case #2: 2 0
Case #3: 2 0
Case #4: 2 1
Case #5: 2 1
Case #6: 500 0
Case #7: 499 0
Case #8: 12 24
Case #9: 500 0
Case #10: 335 0
Case #11: 357 0
Case #12: 500 0
Case #13: 3 0
Case #14: 10 0
Case #15: 444 0
Case #16: 17 16
Case #17: 16 0
Case #18: 171 50
Case #19: 15 25
Case #20: 8 0
Case #21: 436 0
Case #22: 17 0
Case #23: 372 0
Case #24: 500 0
Case #25: 524 476
Case #26: 500 0
Case #27: 500 0
Case #28: 9 0
Case #29: 155 0
Case #30: 9 0
Case #31: 8 0
Case #32: 355 0
Case #33: 432 0
Case #34: 103 57
Case #35: 7 0
Case #36: 155 0
Case #37: 7 0
Case #38: 81 39
Case #39: 13 0
Case #40: 500 0
Case #41: 8 0
Case #42: 441 0
Case #43: 56 19
Case #44: 500 0
Case #45: 501 0
Case #46: 500 0
Case #47: 11 29
Case #48: 337 0
Case #49: 167 0
Case #50: 437 0
Case #51: 436 0
Case #52: 358 0
Case #53: 10 16
Case #54: 58 0
Case #55: 1 1
Case #56: 442 0
Case #57: 334 0
Case #58: 11 0
Case #59: 500 0
Case #60: 499 0
Case #61: 500 0
Case #62: 8 30
Case #63: 15 17
Case #64: 448 0
Case #65: 1 999
Case #66: 147 0
Case #67: 14 14
Case #68: 17 0
Case #69: 460 0
Case #70: 25 26
Case #71: 157 0
Case #72: 454 0
Case #73: 134 0
Case #74: 12 22
Case #75: 334 0
Case #76: 5 0
Case #77: 8 19
Case #78: 500 0
Case #79: 443 0
Case #80: 145 0
Case #81: 435 0
Case #82: 8 0
Case #83: 17 21
Case #84: 144 856
Case #85: 501 0
Case #86: 1000 0
Case #87: 500 0
Case #88: 1000 0
Case #89: 13 13
Case #90: 146 0
Case #91: 500 0
Case #92: 500 0
Case #93: 10 0
Case #94: 1 0
Case #95: 10 0
Case #96: 12 0
Case #97: 19 0
Case #98: 10 0
Case #99: 500 0
Case #100: 17 27
