Case #1: 1 1
Case #2: 2 0
Case #3: 2 0
Case #4: 193 0
Case #5: 209 0
Case #6: 243 0
Case #7: 183 100
Case #8: 205 0
Case #9: 212 0
Case #10: 187 0
Case #11: 185 101
Case #12: 220 0
Case #13: 500 1
Case #14: 504 0
Case #15: 227 0
Case #16: 191 100
Case #17: 207 0
Case #18: 182 0
Case #19: 207 0
Case #20: 503 0
Case #21: 502 0
Case #22: 241 0
Case #23: 514 0
Case #24: 507 0
Case #25: 193 110
Case #26: 242 0
Case #27: 219 107
Case #28: 523 477
Case #29: 232 110
Case #30: 1 0
Case #31: 224 0
Case #32: 185 0
Case #33: 182 0
Case #34: 247 0
Case #35: 185 0
Case #36: 233 0
Case #37: 3 0
Case #38: 229 103
Case #39: 504 0
Case #40: 181 105
Case #41: 506 0
Case #42: 180 0
Case #43: 169 110
Case #44: 181 103
Case #45: 197 0
Case #46: 219 1
Case #47: 224 105
Case #48: 246 0
Case #49: 1000 0
Case #50: 246 0
Case #51: 206 110
Case #52: 242 105
Case #53: 180 0
Case #54: 217 0
Case #55: 201 106
Case #56: 172 110
Case #57: 535 0
Case #58: 231 0
Case #59: 248 0
Case #60: 213 0
Case #61: 232 109
Case #62: 189 106
Case #63: 247 0
Case #64: 501 0
Case #65: 508 0
Case #66: 243 0
Case #67: 218 103
Case #68: 241 99
Case #69: 502 0
Case #70: 204 0
Case #71: 516 0
Case #72: 211 107
Case #73: 502 0
Case #74: 204 1
Case #75: 240 101
Case #76: 246 106
Case #77: 179 102
Case #78: 219 0
Case #79: 506 0
Case #80: 190 101
Case #81: 202 104
Case #82: 247 101
Case #83: 201 0
Case #84: 175 0
Case #85: 2 0
Case #86: 249 101
Case #87: 244 0
Case #88: 504 496
Case #89: 246 0
Case #90: 258 0
Case #91: 502 0
Case #92: 227 102
Case #93: 223 101
Case #94: 202 0
Case #95: 224 0
Case #96: 1 1
Case #97: 247 0
Case #98: 224 104
Case #99: 209 101
Case #100: 508 0
