Case #1: 1 1
Case #2: 2 0
Case #3: 2 0
Case #4: 200 1
Case #5: 191 103
Case #6: 242 110
Case #7: 243 102
Case #8: 244 1
Case #9: 186 110
Case #10: 180 0
Case #11: 223 1
Case #12: 1 1
Case #13: 511 0
Case #14: 228 0
Case #15: 183 108
Case #16: 235 105
Case #17: 225 104
Case #18: 216 0
Case #19: 227 101
Case #20: 210 109
Case #21: 170 110
Case #22: 215 100
Case #23: 184 0
Case #24: 188 0
Case #25: 212 0
Case #26: 188 107
Case #27: 500 0
Case #28: 185 109
Case #29: 236 1
Case #30: 198 1
Case #31: 200 0
Case #32: 228 0
Case #33: 203 110
Case #34: 510 490
Case #35: 168 103
Case #36: 249 104
Case #37: 167 0
Case #38: 168 105
Case #39: 227 108
Case #40: 500 0
Case #41: 500 0
Case #42: 213 108
Case #43: 212 106
Case #44: 170 100
Case #45: 512 488
Case #46: 196 0
Case #47: 167 101
Case #48: 193 100
Case #49: 175 1
Case #50: 186 0
Case #51: 499 0
Case #52: 208 106
Case #53: 195 1
Case #54: 200 101
Case #55: 197 101
Case #56: 198 0
Case #57: 500 0
Case #58: 3 0
Case #59: 166 1
Case #60: 2 0
Case #61: 226 100
Case #62: 187 106
Case #63: 500 0
Case #64: 196 107
Case #65: 500 0
Case #66: 169 102
Case #67: 500 0
Case #68: 500 1
Case #69: 199 0
Case #70: 245 108
Case #71: 183 0
Case #72: 499 0
Case #73: 245 0
Case #74: 227 1
Case #75: 213 103
Case #76: 188 107
Case #77: 188 110
Case #78: 207 104
Case #79: 221 1
Case #80: 500 0
Case #81: 234 103
Case #82: 174 108
Case #83: 230 1
Case #84: 500 0
Case #85: 193 1
Case #86: 181 101
Case #87: 242 105
Case #88: 500 0
Case #89: 500 0
Case #90: 500 0
Case #91: 208 1
Case #92: 246 1
Case #93: 1000 0
Case #94: 1 0
Case #95: 201 0
Case #96: 214 100
Case #97: 179 0
Case #98: 499 1
Case #99: 224 0
Case #100: 244 104
