Case #1: 1 1
Case #2: 2 0
Case #3: 2 0
Case #4: 1 1
Case #5: 233 108
Case #6: 204 105
Case #7: 510 10
Case #8: 237 4
Case #9: 228 101
Case #10: 206 101
Case #11: 502 2
Case #12: 166 104
Case #13: 1000 0
Case #14: 507 8
Case #15: 240 7
Case #16: 169 3
Case #17: 505 495
Case #18: 194 106
Case #19: 218 1
Case #20: 2 0
Case #21: 4 0
Case #22: 179 3
Case #23: 215 3
Case #24: 176 9
Case #25: 511 0
Case #26: 520 20
Case #27: 221 11
Case #28: 229 1
Case #29: 224 101
Case #30: 180 101
Case #31: 174 4
Case #32: 504 496
Case #33: 226 6
Case #34: 216 8
Case #35: 223 0
Case #36: 219 7
Case #37: 509 8
Case #38: 240 108
Case #39: 518 19
Case #40: 241 108
Case #41: 210 100
Case #42: 248 14
Case #43: 196 107
Case #44: 223 110
Case #45: 509 10
Case #46: 179 100
Case #47: 507 7
Case #48: 171 108
Case #49: 181 103
Case #50: 205 7
Case #51: 245 105
Case #52: 192 6
Case #53: 214 109
Case #54: 183 103
Case #55: 185 100
Case #56: 187 103
Case #57: 211 5
Case #58: 511 12
Case #59: 507 9
Case #60: 191 2
Case #61: 240 108
Case #62: 215 100
Case #63: 183 7
Case #64: 183 3
Case #65: 1 0
Case #66: 196 105
Case #67: 198 105
Case #68: 503 3
Case #69: 511 14
Case #70: 228 104
Case #71: 240 8
Case #72: 238 104
Case #73: 174 110
Case #74: 169 2
Case #75: 503 3
Case #76: 226 5
Case #77: 230 100
Case #78: 253 10
Case #79: 249 108
Case #80: 178 104
Case #81: 509 10
Case #82: 244 104
Case #83: 220 109
Case #84: 229 4
Case #85: 187 1
Case #86: 187 110
Case #87: 234 7
Case #88: 221 3
Case #89: 236 3
Case #90: 506 5
Case #91: 202 110
Case #92: 171 2
Case #93: 236 105
Case #94: 186 11
Case #95: 513 13
Case #96: 197 110
Case #97: 173 6
Case #98: 200 7
Case #99: 201 2
Case #100: 199 107
